<?xml version="1.0" encoding="UTF-8"?>
<testng-results ignored="0" total="6" passed="5" failed="1" skipped="0">
  <reporter-output>
  </reporter-output>
  <suite started-at="2023-12-12T23:58:44 CST" name="Swag Labs Regression Test Suite" finished-at="2023-12-12T23:59:00 CST" duration-ms="15741">
    <groups>
    </groups>
    <test started-at="2023-12-12T23:58:44 CST" name="Swag Labs Login Page Test chrome" finished-at="2023-12-12T23:59:00 CST" duration-ms="15741">
      <class name="com.qa.example.tests.LoginPageTests">
        <test-method is-config="true" signature="setUp(java.lang.String)[pri:0, instance:com.qa.example.tests.LoginPageTests@3de8f619]" started-at="2023-12-12T23:58:44 CST" name="setUp" finished-at="2023-12-12T23:58:48 CST" duration-ms="3534" status="PASS">
          <params>
            <param index="0">
              <value>
                <![CDATA[chrome]]>
              </value>
            </param>
          </params>
          <reporter-output>
          </reporter-output>
        </test-method> <!-- setUp -->
        <test-method signature="isLogoDisplayedTest()[pri:0, instance:com.qa.example.tests.LoginPageTests@3de8f619]" started-at="2023-12-12T23:58:48 CST" name="isLogoDisplayedTest" finished-at="2023-12-12T23:58:48 CST" duration-ms="66" status="PASS">
          <reporter-output>
          </reporter-output>
        </test-method> <!-- isLogoDisplayedTest -->
        <test-method signature="loginPageTittleTest()[pri:0, instance:com.qa.example.tests.LoginPageTests@3de8f619]" started-at="2023-12-12T23:58:48 CST" name="loginPageTittleTest" finished-at="2023-12-12T23:58:48 CST" duration-ms="12" status="PASS">
          <reporter-output>
          </reporter-output>
        </test-method> <!-- loginPageTittleTest -->
        <test-method signature="loginTest()[pri:0, instance:com.qa.example.tests.LoginPageTests@3de8f619]" started-at="2023-12-12T23:58:48 CST" name="loginTest" finished-at="2023-12-12T23:58:48 CST" duration-ms="3" status="PASS">
          <reporter-output>
          </reporter-output>
        </test-method> <!-- loginTest -->
        <test-method signature="userLogin(java.lang.String, java.lang.String)[pri:0, instance:com.qa.example.tests.LoginPageTests@3de8f619]" started-at="2023-12-12T23:58:48 CST" name="userLogin" data-provider="getCredentialsData" finished-at="2023-12-12T23:58:52 CST" duration-ms="3694" status="PASS">
          <params>
            <param index="0">
              <value>
                <![CDATA[standard_user]]>
              </value>
            </param>
            <param index="1">
              <value>
                <![CDATA[secret_sauce]]>
              </value>
            </param>
          </params>
          <reporter-output>
          </reporter-output>
        </test-method> <!-- userLogin -->
        <test-method signature="userLogin(java.lang.String, java.lang.String)[pri:0, instance:com.qa.example.tests.LoginPageTests@3de8f619]" started-at="2023-12-12T23:58:52 CST" name="userLogin" data-provider="getCredentialsData" finished-at="2023-12-12T23:58:56 CST" duration-ms="3647" status="FAIL">
          <params>
            <param index="0">
              <value>
                <![CDATA[locked_out_user]]>
              </value>
            </param>
            <param index="1">
              <value>
                <![CDATA[secret_sauce]]>
              </value>
            </param>
          </params>
          <exception class="java.lang.AssertionError">
            <message>
              <![CDATA[expected [true] but found [false]]]>
            </message>
            <full-stacktrace>
              <![CDATA[java.lang.AssertionError: expected [true] but found [false]
at org.testng.Assert.fail(Assert.java:97)
at org.testng.Assert.failNotEquals(Assert.java:969)
at org.testng.Assert.assertTrue(Assert.java:43)
at org.testng.Assert.assertTrue(Assert.java:53)
at com.qa.example.tests.LoginPageTests.userLogin(LoginPageTests.java:40)
at java.base/jdk.internal.reflect.DirectMethodHandleAccessor.invoke(DirectMethodHandleAccessor.java:104)
at java.base/java.lang.reflect.Method.invoke(Method.java:578)
at org.testng.internal.MethodInvocationHelper.invokeMethod(MethodInvocationHelper.java:134)
at org.testng.internal.TestInvoker.invokeMethod(TestInvoker.java:597)
at org.testng.internal.TestInvoker.invokeTestMethod(TestInvoker.java:173)
at org.testng.internal.MethodRunner.runInSequence(MethodRunner.java:46)
at org.testng.internal.TestInvoker$MethodInvocationAgent.invoke(TestInvoker.java:816)
at org.testng.internal.TestInvoker.invokeTestMethods(TestInvoker.java:146)
at org.testng.internal.TestMethodWorker.invokeTestMethods(TestMethodWorker.java:146)
at org.testng.internal.TestMethodWorker.run(TestMethodWorker.java:128)
at java.base/java.util.ArrayList.forEach(ArrayList.java:1511)
at org.testng.TestRunner.privateRun(TestRunner.java:766)
at org.testng.TestRunner.run(TestRunner.java:587)
at org.testng.SuiteRunner.runTest(SuiteRunner.java:384)
at org.testng.SuiteRunner.access$000(SuiteRunner.java:28)
at org.testng.SuiteRunner$SuiteWorker.run(SuiteRunner.java:425)
at org.testng.internal.thread.ThreadUtil.lambda$execute$0(ThreadUtil.java:68)
at java.base/java.util.concurrent.FutureTask.run(FutureTask.java:317)
at java.base/java.util.concurrent.ThreadPoolExecutor.runWorker(ThreadPoolExecutor.java:1144)
at java.base/java.util.concurrent.ThreadPoolExecutor$Worker.run(ThreadPoolExecutor.java:642)
at java.base/java.lang.Thread.run(Thread.java:1589)
]]>
            </full-stacktrace>
          </exception> <!-- java.lang.AssertionError -->
          <reporter-output>
          </reporter-output>
        </test-method> <!-- userLogin -->
        <test-method signature="userLogin(java.lang.String, java.lang.String)[pri:0, instance:com.qa.example.tests.LoginPageTests@3de8f619]" started-at="2023-12-12T23:58:56 CST" name="userLogin" data-provider="getCredentialsData" finished-at="2023-12-12T23:59:00 CST" duration-ms="3786" status="PASS">
          <params>
            <param index="0">
              <value>
                <![CDATA[problem_user]]>
              </value>
            </param>
            <param index="1">
              <value>
                <![CDATA[secret_sauce]]>
              </value>
            </param>
          </params>
          <reporter-output>
          </reporter-output>
        </test-method> <!-- userLogin -->
      </class> <!-- com.qa.example.tests.LoginPageTests -->
    </test> <!-- Swag Labs Login Page Test chrome -->
  </suite> <!-- Swag Labs Regression Test Suite -->
</testng-results>
